<?xml version="1.0" encoding="UTF-8" ?>
<testsuite failures="0" time="0.07" errors="0" skipped="0" tests="3" name="com.xeiam.xchange.bitfinex.v1.BitfinexAdaptersTest">
  <properties>
    <property name="java.runtime.name" value="Java(TM) SE Runtime Environment"/>
    <property name="sun.boot.library.path" value="C:\Program Files\Java\jdk1.6.0_26\jre\bin"/>
    <property name="java.vm.version" value="20.1-b02"/>
    <property name="java.vm.vendor" value="Sun Microsystems Inc."/>
    <property name="java.vendor.url" value="http://java.sun.com/"/>
    <property name="path.separator" value=";"/>
    <property name="java.vm.name" value="Java HotSpot(TM) 64-Bit Server VM"/>
    <property name="file.encoding.pkg" value="sun.io"/>
    <property name="user.country" value="US"/>
    <property name="sun.java.launcher" value="SUN_STANDARD"/>
    <property name="sun.os.patch.level" value="Service Pack 1"/>
    <property name="java.vm.specification.name" value="Java Virtual Machine Specification"/>
    <property name="user.dir" value="C:\cygwin\home\ShannonCode\repo\XChange\xchange-bitfinex"/>
    <property name="java.runtime.version" value="1.6.0_26-b03"/>
    <property name="java.awt.graphicsenv" value="sun.awt.Win32GraphicsEnvironment"/>
    <property name="basedir" value="C:\cygwin\home\ShannonCode\repo\XChange\xchange-bitfinex"/>
    <property name="java.endorsed.dirs" value="C:\Program Files\Java\jdk1.6.0_26\jre\lib\endorsed"/>
    <property name="os.arch" value="amd64"/>
    <property name="surefire.real.class.path" value="C:\cygwin\home\ShannonCode\repo\XChange\xchange-bitfinex\target\surefire\surefirebooter7237124262929768390.jar"/>
    <property name="java.io.tmpdir" value="C:\cygwin\tmp\"/>
    <property name="line.separator" value="
"/>
    <property name="java.vm.specification.vendor" value="Sun Microsystems Inc."/>
    <property name="user.variant" value=""/>
    <property name="os.name" value="Windows 7"/>
    <property name="sun.jnu.encoding" value="Cp1252"/>
    <property name="java.library.path" value="C:\Program Files\Java\jdk1.6.0_26\jre\bin;C:\Windows\Sun\Java\bin;C:\Windows\system32;C:\Windows;C:\cygwin\usr\local\bin;C:\cygwin\bin;C:\ProgramData\Oracle\Java\javapath;C:\Windows\system32;C:\Windows;C:\Windows\system32\wbem;C:\Program Files (x86)\AMD APP\bin\x86_64;C:\Program Files (x86)\AMD APP\bin\x86;C:\Program Files\Common Files\Microsoft Shared\Windows Live;C:\Program Files (x86)\Common Files\Microsoft Shared\Windows Live;C:\Windows\System32\WindowsPowerShell\v1.0;C:\Program Files (x86)\ATI Technologies\ATI.ACE\Core-Static;C:\Program Files (x86)\Windows Live\Shared;C:\Program Files (x86)\Common Files\Roxio Shared\DLLShared;C:\Program Files (x86)\Common Files\Roxio Shared\OEM\DLLShared;C:\Program Files (x86)\Common Files\Roxio Shared\OEM\12.0\DLLShared;C:\Program Files (x86)\Roxio\OEM\AudioCore;C:\cygwin\bin;C:\Program Files\TortoiseGit\bin;C:\Program Files (x86)\Calibre2;C:\development\apache-maven-3.0.3\bin;C:\Program Files\TortoiseSVN\bin;C:\apache-ant-1.8.2\bin;C:\Program Files (x86)\QuickTime\QTSystem;C:\Program Files (x86)\Microsoft SQL Server\100\Tools\Binn;C:\Program Files\Microsoft SQL Server\100\Tools\Binn;C:\Program Files\Microsoft SQL Server\100\DTS\Binn;C:\Program Files (x86)\Microsoft SDKs\TypeScript\0.8.0.0;C:\Android\sdk\platform-tools;C:\Program Files\nodejs;C:\Program Files\Microsoft\Web Platform Installer;C:\Program Files (x86)\Plantronics\PlantronicsURE;C:\Program Files\Microsoft SQL Server\110\Tools\Binn;C:\Program Files (x86)\GtkSharp\2.12\bin;C:\Python27;C:\Program Files (x86)\QuickTime\QTSystem;C:\Program Files (x86)\Windows Kits\8.1\Windows Performance Toolkit;C:\Program Files (x86)\nodejs;C:\HashiCorp\Vagrant\bin;C:\ProgramData\chocolatey\bin;C:\Users\ShannonCode\Downloads\monkeybrains-win-0.0.18_release\bin;C:\Program Files\Microsoft\Web Platform Installer;C:\cygwin\home\ShannonCode\repo\hive-js;C:\Program Files (x86)\OpenVPN\bin;C:\Python27\Scripts;C:\wamp\bin\php\php5.6.2;C:\ProgramData\ComposerSetup\bin;C:\Python34;C:\OpenSSL-Win32\bin;C:\Users\ShannonCode\android-sdks\platform-tools;C:\development\connectiq-sdk-win-0.3.0\bin;C:\Program Files\FileBot;."/>
    <property name="surefire.test.class.path" value="C:\cygwin\home\ShannonCode\repo\XChange\xchange-bitfinex\target\test-classes;C:\cygwin\home\ShannonCode\repo\XChange\xchange-bitfinex\target\classes;C:\cygwin\home\ShannonCode\repo\XChange\xchange-core\target\xchange-core-2.2.0-SNAPSHOT.jar;C:\Users\ShannonCode\.m2\repository\org\java-websocket\Java-WebSocket\1.3.0\Java-WebSocket-1.3.0.jar;C:\Users\ShannonCode\.m2\repository\org\slf4j\slf4j-api\1.7.8\slf4j-api-1.7.8.jar;C:\Users\ShannonCode\.m2\repository\com\github\mmazi\rescu\1.7.2\rescu-1.7.2.jar;C:\Users\ShannonCode\.m2\repository\com\fasterxml\jackson\core\jackson-databind\2.4.0\jackson-databind-2.4.0.jar;C:\Users\ShannonCode\.m2\repository\com\fasterxml\jackson\core\jackson-annotations\2.4.0\jackson-annotations-2.4.0.jar;C:\Users\ShannonCode\.m2\repository\com\fasterxml\jackson\core\jackson-core\2.4.0\jackson-core-2.4.0.jar;C:\Users\ShannonCode\.m2\repository\javax\ws\rs\jsr311-api\1.1.1\jsr311-api-1.1.1.jar;C:\Users\ShannonCode\.m2\repository\com\google\code\findbugs\jsr305\3.0.0\jsr305-3.0.0.jar;C:\Users\ShannonCode\.m2\repository\commons-io\commons-io\2.4\commons-io-2.4.jar;C:\Users\ShannonCode\.m2\repository\junit\junit\4.12\junit-4.12.jar;C:\Users\ShannonCode\.m2\repository\org\hamcrest\hamcrest-core\1.3\hamcrest-core-1.3.jar;C:\Users\ShannonCode\.m2\repository\org\easytesting\fest-assert-core\2.0M10\fest-assert-core-2.0M10.jar;C:\Users\ShannonCode\.m2\repository\org\easytesting\fest-util\1.2.5\fest-util-1.2.5.jar;"/>
    <property name="java.specification.name" value="Java Platform API Specification"/>
    <property name="java.class.version" value="50.0"/>
    <property name="sun.management.compiler" value="HotSpot 64-Bit Tiered Compilers"/>
    <property name="os.version" value="6.1"/>
    <property name="user.home" value="C:\Users\ShannonCode"/>
    <property name="user.timezone" value=""/>
    <property name="java.awt.printerjob" value="sun.awt.windows.WPrinterJob"/>
    <property name="java.specification.version" value="1.6"/>
    <property name="file.encoding" value="Cp1252"/>
    <property name="user.name" value="ShannonCode"/>
    <property name="java.class.path" value="C:\cygwin\home\ShannonCode\repo\XChange\xchange-bitfinex\target\test-classes;C:\cygwin\home\ShannonCode\repo\XChange\xchange-bitfinex\target\classes;C:\cygwin\home\ShannonCode\repo\XChange\xchange-core\target\xchange-core-2.2.0-SNAPSHOT.jar;C:\Users\ShannonCode\.m2\repository\org\java-websocket\Java-WebSocket\1.3.0\Java-WebSocket-1.3.0.jar;C:\Users\ShannonCode\.m2\repository\org\slf4j\slf4j-api\1.7.8\slf4j-api-1.7.8.jar;C:\Users\ShannonCode\.m2\repository\com\github\mmazi\rescu\1.7.2\rescu-1.7.2.jar;C:\Users\ShannonCode\.m2\repository\com\fasterxml\jackson\core\jackson-databind\2.4.0\jackson-databind-2.4.0.jar;C:\Users\ShannonCode\.m2\repository\com\fasterxml\jackson\core\jackson-annotations\2.4.0\jackson-annotations-2.4.0.jar;C:\Users\ShannonCode\.m2\repository\com\fasterxml\jackson\core\jackson-core\2.4.0\jackson-core-2.4.0.jar;C:\Users\ShannonCode\.m2\repository\javax\ws\rs\jsr311-api\1.1.1\jsr311-api-1.1.1.jar;C:\Users\ShannonCode\.m2\repository\com\google\code\findbugs\jsr305\3.0.0\jsr305-3.0.0.jar;C:\Users\ShannonCode\.m2\repository\commons-io\commons-io\2.4\commons-io-2.4.jar;C:\Users\ShannonCode\.m2\repository\junit\junit\4.12\junit-4.12.jar;C:\Users\ShannonCode\.m2\repository\org\hamcrest\hamcrest-core\1.3\hamcrest-core-1.3.jar;C:\Users\ShannonCode\.m2\repository\org\easytesting\fest-assert-core\2.0M10\fest-assert-core-2.0M10.jar;C:\Users\ShannonCode\.m2\repository\org\easytesting\fest-util\1.2.5\fest-util-1.2.5.jar;"/>
    <property name="java.vm.specification.version" value="1.0"/>
    <property name="sun.arch.data.model" value="64"/>
    <property name="java.home" value="C:\Program Files\Java\jdk1.6.0_26\jre"/>
    <property name="sun.java.command" value="C:\cygwin\home\ShannonCode\repo\XChange\xchange-bitfinex\target\surefire\surefirebooter7237124262929768390.jar C:\cygwin\home\ShannonCode\repo\XChange\xchange-bitfinex\target\surefire\surefire3157570861652003118tmp C:\cygwin\home\ShannonCode\repo\XChange\xchange-bitfinex\target\surefire\surefire2876128610502233227tmp"/>
    <property name="java.specification.vendor" value="Sun Microsystems Inc."/>
    <property name="user.language" value="en"/>
    <property name="awt.toolkit" value="sun.awt.windows.WToolkit"/>
    <property name="java.vm.info" value="mixed mode"/>
    <property name="java.version" value="1.6.0_26"/>
    <property name="java.ext.dirs" value="C:\Program Files\Java\jdk1.6.0_26\jre\lib\ext;C:\Windows\Sun\Java\lib\ext"/>
    <property name="sun.boot.class.path" value="C:\Program Files\Java\jdk1.6.0_26\jre\lib\resources.jar;C:\Program Files\Java\jdk1.6.0_26\jre\lib\rt.jar;C:\Program Files\Java\jdk1.6.0_26\jre\lib\sunrsasign.jar;C:\Program Files\Java\jdk1.6.0_26\jre\lib\jsse.jar;C:\Program Files\Java\jdk1.6.0_26\jre\lib\jce.jar;C:\Program Files\Java\jdk1.6.0_26\jre\lib\charsets.jar;C:\Program Files\Java\jdk1.6.0_26\jre\lib\modules\jdk.boot.jar;C:\Program Files\Java\jdk1.6.0_26\jre\classes"/>
    <property name="java.vendor" value="Sun Microsystems Inc."/>
    <property name="localRepository" value="C:\Users\ShannonCode\.m2\repository"/>
    <property name="file.separator" value="\"/>
    <property name="java.vendor.url.bug" value="http://java.sun.com/cgi-bin/bugreport.cgi"/>
    <property name="sun.cpu.endian" value="little"/>
    <property name="sun.io.unicode.encoding" value="UnicodeLittle"/>
    <property name="sun.desktop" value="windows"/>
    <property name="sun.cpu.isalist" value="amd64"/>
  </properties>
  <testcase time="0.017" classname="com.xeiam.xchange.bitfinex.v1.BitfinexAdaptersTest" name="testAdaptTradeHistory"/>
  <testcase time="0.005" classname="com.xeiam.xchange.bitfinex.v1.BitfinexAdaptersTest" name="testAdaptOrdersToOpenOrders"/>
  <testcase time="0.003" classname="com.xeiam.xchange.bitfinex.v1.BitfinexAdaptersTest" name="testAdaptOrdersToOrdersContainer"/>
</testsuite>